2014-01-05 20:13:43,526 INFO   >> 【BootStrap】启动roomprocessor进程...
2014-01-05 20:13:43,529 INFO   >> 【BootStrap】注册进程关闭钩子...
2014-01-05 20:13:43,530 INFO   >> 【BootStrap】加载业务类，注册JMXBean...
2014-01-05 20:13:43,723 INFO   >> 【BootStrap】连接Zookeeper,创建节点
2014-01-05 20:13:53,702 INFO   >> 【com.iflytek.roomprocessor.zookeeper.ZooKeeperWrapper】Zookeeper状态：CONNECTED
2014-01-05 20:13:54,755 INFO   >> 【BootStrap】启动订阅消息
2014-01-05 20:13:54,762 INFO   >> 【BootStrap】启动zookeeper定时更新线程
2014-01-05 20:13:54,766 INFO   >> 【BootStrap】启动socket server
2014-01-05 20:14:59,808 INFO   >> 【BootStrap】启动roomprocessor进程...
2014-01-05 20:14:59,812 INFO   >> 【BootStrap】注册进程关闭钩子...
2014-01-05 20:14:59,812 INFO   >> 【BootStrap】加载业务类，注册JMXBean...
2014-01-05 20:14:59,874 INFO   >> 【BootStrap】连接Zookeeper,创建节点
2014-01-05 20:17:23,750 INFO   >> 【BootStrap】启动roomprocessor进程...
2014-01-05 20:17:23,753 INFO   >> 【BootStrap】注册进程关闭钩子...
2014-01-05 20:17:23,754 INFO   >> 【BootStrap】加载业务类，注册JMXBean...
2014-01-05 20:17:23,813 INFO   >> 【BootStrap】连接Zookeeper,创建节点
2014-01-05 20:19:24,186 INFO   >> 【BootStrap】启动roomprocessor进程...
2014-01-05 20:19:24,189 INFO   >> 【BootStrap】注册进程关闭钩子...
2014-01-05 20:19:24,190 INFO   >> 【BootStrap】加载业务类，注册JMXBean...
2014-01-05 20:19:24,244 INFO   >> 【BootStrap】连接Zookeeper,创建节点
2014-01-05 20:19:34,542 INFO   >> 【com.iflytek.roomprocessor.zookeeper.ZooKeeperWrapper】Zookeeper状态：CONNECTED
2014-01-05 20:19:35,591 INFO   >> 【BootStrap】启动订阅消息
2014-01-05 20:19:35,602 INFO   >> 【BootStrap】启动zookeeper定时更新线程
2014-01-05 20:19:35,605 INFO   >> 【BootStrap】启动socket server
2014-01-05 20:21:12,509 INFO   >> 【BootStrap】启动roomprocessor进程...
2014-01-05 20:21:50,925 INFO   >> 【BootStrap】启动roomprocessor进程...
2014-01-05 20:21:50,928 INFO   >> 【BootStrap】注册进程关闭钩子...
2014-01-05 20:21:50,929 INFO   >> 【BootStrap】加载业务类，注册JMXBean...
2014-01-05 20:21:50,981 INFO   >> 【BootStrap】连接Zookeeper,创建节点
2014-01-05 20:21:50,987 INFO   >> 【ShutDown】roomprocessor 正在关闭...
